#
# There is insufficient memory for the Java Runtime Environment to continue.
# Native memory allocation (malloc) failed to allocate 1735536 bytes for Chunk::new
# Possible reasons:
#   The system is out of physical RAM or swap space
#   The process is running with CompressedOops enabled, and the Java Heap may be blocking the growth of the native heap
# Possible solutions:
#   Reduce memory load on the system
#   Increase physical memory or swap space
#   Check if swap backing store is full
#   Decrease Java heap size (-Xmx/-Xms)
#   Decrease number of Java threads
#   Decrease Java thread stack sizes (-Xss)
#   Set larger code cache with -XX:ReservedCodeCacheSize=
#   JVM is running with Unscaled Compressed Oops mode in which the Java heap is
#     placed in the first 4GB address space. The Java Heap base address is the
#     maximum limit for the native heap growth. Please use -XX:HeapBaseMinAddress
#     to set the Java Heap base and to place the Java Heap above 4GB virtual address.
# This output file may be truncated or incomplete.
#
#  Out of Memory Error (allocation.cpp:389), pid=3976, tid=0x00000000000028bc
#
# JRE version: OpenJDK Runtime Environment (8.0_242-b01) (build 1.8.0_242-release-1644-b01)
# Java VM: OpenJDK 64-Bit Server VM (25.242-b01 mixed mode windows-amd64 compressed oops)
# Failed to write core dump. Minidumps are not enabled by default on client versions of Windows
#

---------------  T H R E A D  ---------------

Current thread (0x0000000017785000):  JavaThread "C2 CompilerThread0" daemon [_thread_in_native, id=10428, stack(0x0000000018dd0000,0x0000000018ed0000)]

Stack: [0x0000000018dd0000,0x0000000018ed0000]
[error occurred during error reporting (printing stack bounds), id 0xc0000005]

Native frames: (J=compiled Java code, j=interpreted, Vv=VM code, C=native code)


Current CompileTask:
C2:1667870 21331 %     4       com.android.tools.r8.ir.regalloc.a::a @ 2151 (3993 bytes)


---------------  P R O C E S S  ---------------

Java Threads: ( => current thread )
  0x00000000216e1800 JavaThread "Cache worker for Java compile cache (C:\Users\USER\AndroidStudioProjects\sqllite2\.gradle\6.1.1\javaCompile)" [_thread_blocked, id=2948, stack(0x0000000028d30000,0x0000000028e30000)]
  0x00000000216df000 JavaThread "Cache worker for Java compile cache (C:\Users\USER\.gradle\caches\6.1.1\javaCompile)" [_thread_blocked, id=2448, stack(0x00000000271d0000,0x00000000272d0000)]
  0x00000000216e0000 JavaThread "WorkerExecutor Queue Thread 6" [_thread_blocked, id=1524, stack(0x000000001cef0000,0x000000001cff0000)]
  0x00000000216dd000 JavaThread "MarlinRenderer Disposer" daemon [_thread_blocked, id=4764, stack(0x0000000028830000,0x0000000028930000)]
  0x00000000216da800 JavaThread "WorkerExecutor Queue Thread 5" [_thread_blocked, id=3808, stack(0x0000000028730000,0x0000000028830000)]
  0x000000001ea29800 JavaThread "Java2D Disposer" daemon [_thread_blocked, id=8372, stack(0x0000000028630000,0x0000000028730000)]
  0x000000001ea27800 JavaThread "WorkerExecutor Queue Thread 4" [_thread_blocked, id=3832, stack(0x0000000028530000,0x0000000028630000)]
  0x00000000199f7800 JavaThread "WorkerExecutor Queue Thread 3" [_thread_blocked, id=8300, stack(0x0000000028430000,0x0000000028530000)]
  0x00000000199f4800 JavaThread "stdout" [_thread_in_native, id=5632, stack(0x0000000028130000,0x0000000028230000)]
  0x00000000199f2800 JavaThread "stderr" [_thread_in_native, id=1044, stack(0x0000000028030000,0x0000000028130000)]
  0x00000000199f1000 JavaThread "stdout" [_thread_in_native, id=8884, stack(0x0000000027f30000,0x0000000028030000)]
  0x00000000199ed000 JavaThread "stderr" [_thread_in_native, id=9016, stack(0x0000000027e30000,0x0000000027f30000)]
  0x00000000199f0000 JavaThread "stdout" [_thread_in_native, id=11248, stack(0x0000000027d30000,0x0000000027e30000)]
  0x00000000199ec000 JavaThread "stderr" [_thread_in_native, id=9884, stack(0x0000000027c30000,0x0000000027d30000)]
  0x00000000199f3000 JavaThread "stdout" [_thread_in_native, id=8280, stack(0x0000000027b30000,0x0000000027c30000)]
  0x00000000199ef800 JavaThread "stderr" [_thread_in_native, id=9332, stack(0x0000000027a30000,0x0000000027b30000)]
  0x00000000199eb800 JavaThread "pool-6-thread-1" [_thread_blocked, id=7580, stack(0x0000000027930000,0x0000000027a30000)]
  0x000000001ea29000 JavaThread "Cache worker for execution history cache (C:\Users\USER\AndroidStudioProjects\sqllite2\.gradle\6.1.1\executionHistory)" [_thread_blocked, id=8476, stack(0x00000000270d0000,0x00000000271d0000)]
  0x0000000017792000 JavaThread "Execution worker for ':' Thread 3" [_thread_in_native, id=4104, stack(0x0000000027530000,0x0000000027630000)]
  0x0000000017791000 JavaThread "Execution worker for ':' Thread 2" [_thread_in_vm, id=8056, stack(0x0000000027430000,0x0000000027530000)]
  0x000000001778d800 JavaThread "Execution worker for ':'" [_thread_in_native, id=9436, stack(0x0000000027330000,0x0000000027430000)]
  0x000000001e3d5000 JavaThread "Cache worker for file content cache (C:\Users\USER\AndroidStudioProjects\sqllite2\.gradle\6.1.1\fileContent)" [_thread_blocked, id=11108, stack(0x0000000026fd0000,0x00000000270d0000)]
  0x000000001e3d4000 JavaThread "Cache worker for file content cache (C:\Users\USER\.gradle\caches\6.1.1\fileContent)" [_thread_blocked, id=10968, stack(0x0000000026ed0000,0x0000000026fd0000)]
  0x000000001e3d3800 JavaThread "Memory manager" [_thread_blocked, id=6992, stack(0x00000000255a0000,0x00000000256a0000)]
  0x000000001e3d2800 JavaThread "Cache worker for Build Output Cleanup Cache (C:\Users\USER\AndroidStudioProjects\sqllite2\.gradle\buildOutputCleanup)" [_thread_blocked, id=10148, stack(0x00000000254a0000,0x00000000255a0000)]
  0x000000001e3d1000 JavaThread "Build operations Thread 4" [_thread_blocked, id=1016, stack(0x00000000250b0000,0x00000000251b0000)]
  0x000000001e3d7000 JavaThread "Build operations Thread 3" [_thread_blocked, id=9240, stack(0x0000000023db0000,0x0000000023eb0000)]
  0x000000001e3d6800 JavaThread "Build operations Thread 2" [_thread_blocked, id=8528, stack(0x0000000023ab0000,0x0000000023bb0000)]
  0x000000001e3d2000 JavaThread "Build operations" [_thread_blocked, id=7888, stack(0x00000000239b0000,0x0000000023ab0000)]
  0x000000001e3c9800 JavaThread "Cache worker for cache directory md-rule (C:\Users\USER\.gradle\caches\6.1.1\md-rule)" [_thread_blocked, id=11208, stack(0x00000000230b0000,0x00000000231b0000)]
  0x000000001e3d0800 JavaThread "Cache worker for cache directory md-supplier (C:\Users\USER\.gradle\caches\6.1.1\md-supplier)" [_thread_blocked, id=9944, stack(0x0000000022fb0000,0x00000000230b0000)]
  0x000000001e3cc800 JavaThread "Cache worker for file hash cache (C:\Users\USER\AndroidStudioProjects\sqllite2\.gradle\6.1.1\fileHashes)" [_thread_blocked, id=4188, stack(0x0000000020fe0000,0x00000000210e0000)]
  0x000000001e3cc000 JavaThread "Cache worker for checksums cache (C:\Users\USER\AndroidStudioProjects\sqllite2\.gradle\checksums)" [_thread_blocked, id=8344, stack(0x000000001fc90000,0x000000001fd90000)]
  0x000000001e3cb000 JavaThread "Thread-43" [_thread_blocked, id=6020, stack(0x000000001cff0000,0x000000001d0f0000)]
  0x000000001ea25000 JavaThread "Asynchronous log dispatcher for DefaultDaemonConnection: socket connection from /127.0.0.1:23500 to /127.0.0.1:23577" [_thread_blocked, id=11120, stack(0x000000001cdf0000,0x000000001cef0000)]
  0x000000001ea1d000 JavaThread "Daemon worker Thread 3" [_thread_in_native, id=10680, stack(0x000000001ccf0000,0x000000001cdf0000)]
  0x000000001ea23800 JavaThread "Cancel handler" [_thread_blocked, id=10120, stack(0x000000001cbf0000,0x000000001ccf0000)]
  0x000000001ea1e800 JavaThread "Handler for socket connection from /127.0.0.1:23500 to /127.0.0.1:23577" [_thread_in_native, id=10368, stack(0x000000001c8f0000,0x000000001c9f0000)]
  0x000000001ea23000 JavaThread "Daemon Thread 3" [_thread_blocked, id=2592, stack(0x000000001c7f0000,0x000000001c8f0000)]
  0x0000000017790800 JavaThread "Cache worker for execution history cache (C:\Users\USER\.gradle\caches\6.1.1\executionHistory)" [_thread_blocked, id=6688, stack(0x00000000210e0000,0x00000000211e0000)]
  0x000000001778c800 JavaThread "Cache worker for file hash cache (C:\Users\USER\.gradle\caches\6.1.1\fileHashes)" [_thread_blocked, id=10420, stack(0x000000001d4f0000,0x000000001d5f0000)]
  0x000000001778c000 JavaThread "File lock request listener" [_thread_in_native, id=5704, stack(0x000000001d3f0000,0x000000001d4f0000)]
  0x000000001a7b9000 JavaThread "Cache worker for journal cache (C:\Users\USER\.gradle\caches\journal-1)" [_thread_blocked, id=5684, stack(0x000000001d2f0000,0x000000001d3f0000)]
  0x0000000019dac000 JavaThread "Daemon periodic checks" [_thread_blocked, id=8644, stack(0x000000001c6f0000,0x000000001c7f0000)]
  0x0000000019dab000 JavaThread "Incoming local TCP Connector on port 23500" [_thread_in_native, id=1064, stack(0x000000001c4b0000,0x000000001c5b0000)]
  0x000000001b187000 JavaThread "Daemon health stats" [_thread_blocked, id=11148, stack(0x000000001be70000,0x000000001bf70000)]
  0x0000000019108800 JavaThread "Service Thread" daemon [_thread_blocked, id=5768, stack(0x00000000194d0000,0x00000000195d0000)]
  0x000000001778f800 JavaThread "C1 CompilerThread2" daemon [_thread_blocked, id=3992, stack(0x0000000018fd0000,0x00000000190d0000)]
  0x0000000017792800 JavaThread "C2 CompilerThread1" daemon [_thread_in_native, id=3412, stack(0x0000000018ed0000,0x0000000018fd0000)]
=>0x0000000017785000 JavaThread "C2 CompilerThread0" daemon [_thread_in_native, id=10428, stack(0x0000000018dd0000,0x0000000018ed0000)]
  0x0000000017783000 JavaThread "Attach Listener" daemon [_thread_blocked, id=5152, stack(0x0000000018cd0000,0x0000000018dd0000)]
  0x0000000017782000 JavaThread "Signal Dispatcher" daemon [_thread_blocked, id=9348, stack(0x0000000018bd0000,0x0000000018cd0000)]
  0x0000000002b5c800 JavaThread "Finalizer" daemon [_thread_blocked, id=7096, stack(0x00000000189d0000,0x0000000018ad0000)]
  0x0000000017769000 JavaThread "Reference Handler" daemon [_thread_blocked, id=3828, stack(0x00000000188d0000,0x00000000189d0000)]
  0x0000000002a5e000 JavaThread "main" [_thread_blocked, id=1072, stack(0x00000000028a0000,0x00000000029a0000)]

Other Threads:
  0x0000000017747800 VMThread [stack: 0x00000000187d0000,0x00000000188d0000] [id=524]
  0x00000000177dd800 WatcherThread [stack: 0x00000000195d0000,0x00000000196d0000] [id=9188]

VM state:not at safepoint (normal execution)

VM Mutex/Monitor currently owned by a thread: None

heap address: 0x0000000080000000, size: 2048 MB, Compressed Oops mode: 32-bit
Narrow klass base: 0x0000000000000000, Narrow klass shift: 3
Compressed class space size: 1073741824 Address: 0x0000000100000000

Heap:
 PSYoungGen      total 666112K, used 560183K [0x00000000d5580000, 0x00000000ffc00000, 0x0000000100000000)
  eden space 638464K, 85% used [0x00000000d5580000,0x00000000f6be8088,0x00000000fc500000)
  from space 27648K, 46% used [0x00000000fe100000,0x00000000feda5c18,0x00000000ffc00000)
  to   space 28160K, 0% used [0x00000000fc500000,0x00000000fc500000,0x00000000fe080000)
 ParOldGen       total 140800K, used 83289K [0x0000000080000000, 0x0000000088980000, 0x00000000d5580000)
  object space 140800K, 59% used [0x0000000080000000,0x0000000085156480,0x0000000088980000)
 Metaspace       used 109096K, capacity 114116K, committed 114712K, reserved 1148928K
  class space    used 13978K, capacity 14983K, committed 15136K, reserved 1048576K

Card table byte_map: [0x0000000011f20000,0x0000000012330000] byte_map_base: 0x0000000011b20000

Marking Bits: (ParMarkBitMap*) 0x000000005c89f030
 Begin Bits: [0x00000000129e0000, 0x00000000149e0000)
 End Bits:   [0x00000000149e0000, 0x00000000169e0000)

Polling page: 0x00000000011d0000

CodeCache: size=245760Kb used=61500Kb max_used=62543Kb free=184259Kb
 bounds [0x0000000002b60000, 0x00000000068e0000, 0x0000000011b60000]
 total_blobs=18611 nmethods=17557 adapters=963
 compilation: enabled

Compilation events (10 events):
Event: 1667.605 Thread 0x000000001778f800 21480       3       com.android.tools.r8.ir.regalloc.b::a (78 bytes)
Event: 1667.606 Thread 0x000000001778f800 nmethod 21480 0x0000000005c4c990 code [0x0000000005c4cb60, 0x0000000005c4d248]
Event: 1667.648 Thread 0x000000001778f800 21482       2       com.android.tools.r8.v.a.a.a.h.t::<init> (5 bytes)
Event: 1667.648 Thread 0x000000001778f800 nmethod 21482 0x0000000004f72010 code [0x0000000004f72160, 0x0000000004f722b0]
Event: 1667.649 Thread 0x000000001778f800 21483       1       sun.nio.fs.WindowsPath::getPathForExceptionMessage (5 bytes)
Event: 1667.650 Thread 0x000000001778f800 nmethod 21483 0x0000000005ec9d90 code [0x0000000005ec9ee0, 0x0000000005ec9ff0]
Event: 1667.724 Thread 0x000000001778f800 21484       3       com.android.tools.r8.u.b.Q0::a (53 bytes)
Event: 1667.725 Thread 0x000000001778f800 nmethod 21484 0x0000000005398c10 code [0x0000000005398dc0, 0x0000000005399438]
Event: 1667.733 Thread 0x000000001778f800 21485       2       com.android.tools.r8.graph.D0::f (20 bytes)
Event: 1667.733 Thread 0x000000001778f800 nmethod 21485 0x000000000365f450 code [0x000000000365f5c0, 0x000000000365f778]

GC Heap History (10 events):
Event: 1645.406 GC heap before
{Heap before GC invocations=21 (full 4):
 PSYoungGen      total 528896K, used 528754K [0x00000000d5580000, 0x00000000f8100000, 0x0000000100000000)
  eden space 506368K, 100% used [0x00000000d5580000,0x00000000f4400000,0x00000000f4400000)
  from space 22528K, 99% used [0x00000000f6b00000,0x00000000f80dcb20,0x00000000f8100000)
  to   space 29184K, 0% used [0x00000000f4800000,0x00000000f4800000,0x00000000f6480000)
 ParOldGen       total 98816K, used 64800K [0x0000000080000000, 0x0000000086080000, 0x00000000d5580000)
  object space 98816K, 65% used [0x0000000080000000,0x0000000083f48008,0x0000000086080000)
 Metaspace       used 108856K, capacity 114268K, committed 114456K, reserved 1148928K
  class space    used 14031K, capacity 15097K, committed 15136K, reserved 1048576K
Event: 1645.563 GC heap after
Heap after GC invocations=21 (full 4):
 PSYoungGen      total 539648K, used 21084K [0x00000000d5580000, 0x00000000feb00000, 0x0000000100000000)
  eden space 510464K, 0% used [0x00000000d5580000,0x00000000d5580000,0x00000000f4800000)
  from space 29184K, 72% used [0x00000000f4800000,0x00000000f5c97158,0x00000000f6480000)
  to   space 30720K, 0% used [0x00000000fcd00000,0x00000000fcd00000,0x00000000feb00000)
 ParOldGen       total 98816K, used 69141K [0x0000000080000000, 0x0000000086080000, 0x00000000d5580000)
  object space 98816K, 69% used [0x0000000080000000,0x0000000084385680,0x0000000086080000)
 Metaspace       used 108856K, capacity 114268K, committed 114456K, reserved 1148928K
  class space    used 14031K, capacity 15097K, committed 15136K, reserved 1048576K
}
Event: 1648.004 GC heap before
{Heap before GC invocations=22 (full 4):
 PSYoungGen      total 539648K, used 531548K [0x00000000d5580000, 0x00000000feb00000, 0x0000000100000000)
  eden space 510464K, 100% used [0x00000000d5580000,0x00000000f4800000,0x00000000f4800000)
  from space 29184K, 72% used [0x00000000f4800000,0x00000000f5c97158,0x00000000f6480000)
  to   space 30720K, 0% used [0x00000000fcd00000,0x00000000fcd00000,0x00000000feb00000)
 ParOldGen       total 98816K, used 69141K [0x0000000080000000, 0x0000000086080000, 0x00000000d5580000)
  object space 98816K, 69% used [0x0000000080000000,0x0000000084385680,0x0000000086080000)
 Metaspace       used 109017K, capacity 114444K, committed 114712K, reserved 1148928K
  class space    used 14042K, capacity 15107K, committed 15136K, reserved 1048576K
Event: 1648.080 GC heap after
Heap after GC invocations=22 (full 4):
 PSYoungGen      total 646656K, used 5218K [0x00000000d5580000, 0x00000000ffb00000, 0x0000000100000000)
  eden space 615936K, 0% used [0x00000000d5580000,0x00000000d5580000,0x00000000faf00000)
  from space 30720K, 16% used [0x00000000fcd00000,0x00000000fd218878,0x00000000feb00000)
  to   space 30720K, 0% used [0x00000000faf00000,0x00000000faf00000,0x00000000fcd00000)
 ParOldGen       total 98816K, used 85886K [0x0000000080000000, 0x0000000086080000, 0x00000000d5580000)
  object space 98816K, 86% used [0x0000000080000000,0x00000000853dfb58,0x0000000086080000)
 Metaspace       used 109017K, capacity 114444K, committed 114712K, reserved 1148928K
  class space    used 14042K, capacity 15107K, committed 15136K, reserved 1048576K
}
Event: 1648.080 GC heap before
{Heap before GC invocations=23 (full 5):
 PSYoungGen      total 646656K, used 5218K [0x00000000d5580000, 0x00000000ffb00000, 0x0000000100000000)
  eden space 615936K, 0% used [0x00000000d5580000,0x00000000d5580000,0x00000000faf00000)
  from space 30720K, 16% used [0x00000000fcd00000,0x00000000fd218878,0x00000000feb00000)
  to   space 30720K, 0% used [0x00000000faf00000,0x00000000faf00000,0x00000000fcd00000)
 ParOldGen       total 98816K, used 85886K [0x0000000080000000, 0x0000000086080000, 0x00000000d5580000)
  object space 98816K, 86% used [0x0000000080000000,0x00000000853dfb58,0x0000000086080000)
 Metaspace       used 109017K, capacity 114444K, committed 114712K, reserved 1148928K
  class space    used 14042K, capacity 15107K, committed 15136K, reserved 1048576K
Event: 1655.212 GC heap after
Heap after GC invocations=23 (full 5):
 PSYoungGen      total 646656K, used 0K [0x00000000d5580000, 0x00000000ffb00000, 0x0000000100000000)
  eden space 615936K, 0% used [0x00000000d5580000,0x00000000d5580000,0x00000000faf00000)
  from space 30720K, 0% used [0x00000000fcd00000,0x00000000fcd00000,0x00000000feb00000)
  to   space 30720K, 0% used [0x00000000faf00000,0x00000000faf00000,0x00000000fcd00000)
 ParOldGen       total 140800K, used 83281K [0x0000000080000000, 0x0000000088980000, 0x00000000d5580000)
  object space 140800K, 59% used [0x0000000080000000,0x0000000085154480,0x0000000088980000)
 Metaspace       used 108798K, capacity 113848K, committed 114712K, reserved 1148928K
  class space    used 13967K, capacity 14977K, committed 15136K, reserved 1048576K
}
Event: 1659.420 GC heap before
{Heap before GC invocations=24 (full 5):
 PSYoungGen      total 646656K, used 615936K [0x00000000d5580000, 0x00000000ffb00000, 0x0000000100000000)
  eden space 615936K, 100% used [0x00000000d5580000,0x00000000faf00000,0x00000000faf00000)
  from space 30720K, 0% used [0x00000000fcd00000,0x00000000fcd00000,0x00000000feb00000)
  to   space 30720K, 0% used [0x00000000faf00000,0x00000000faf00000,0x00000000fcd00000)
 ParOldGen       total 140800K, used 83281K [0x0000000080000000, 0x0000000088980000, 0x00000000d5580000)
  object space 140800K, 59% used [0x0000000080000000,0x0000000085154480,0x0000000088980000)
 Metaspace       used 108900K, capacity 113952K, committed 114712K, reserved 1148928K
  class space    used 13975K, capacity 14979K, committed 15136K, reserved 1048576K
Event: 1659.747 GC heap after
Heap after GC invocations=24 (full 5):
 PSYoungGen      total 646656K, used 7400K [0x00000000d5580000, 0x00000000ffe00000, 0x0000000100000000)
  eden space 615936K, 0% used [0x00000000d5580000,0x00000000d5580000,0x00000000faf00000)
  from space 30720K, 24% used [0x00000000faf00000,0x00000000fb63a260,0x00000000fcd00000)
  to   space 29696K, 0% used [0x00000000fe100000,0x00000000fe100000,0x00000000ffe00000)
 ParOldGen       total 140800K, used 83289K [0x0000000080000000, 0x0000000088980000, 0x00000000d5580000)
  object space 140800K, 59% used [0x0000000080000000,0x0000000085156480,0x0000000088980000)
 Metaspace       used 108900K, capacity 113952K, committed 114712K, reserved 1148928K
  class space    used 13975K, capacity 14979K, committed 15136K, reserved 1048576K
}
Event: 1662.980 GC heap before
{Heap before GC invocations=25 (full 5):
 PSYoungGen      total 646656K, used 623336K [0x00000000d5580000, 0x00000000ffe00000, 0x0000000100000000)
  eden space 615936K, 100% used [0x00000000d5580000,0x00000000faf00000,0x00000000faf00000)
  from space 30720K, 24% used [0x00000000faf00000,0x00000000fb63a260,0x00000000fcd00000)
  to   space 29696K, 0% used [0x00000000fe100000,0x00000000fe100000,0x00000000ffe00000)
 ParOldGen       total 140800K, used 83289K [0x0000000080000000, 0x0000000088980000, 0x00000000d5580000)
  object space 140800K, 59% used [0x0000000080000000,0x0000000085156480,0x0000000088980000)
 Metaspace       used 109025K, capacity 114034K, committed 114712K, reserved 1148928K
  class space    used 13977K, capacity 14982K, committed 15136K, reserved 1048576K
Event: 1663.022 GC heap after
Heap after GC invocations=25 (full 5):
 PSYoungGen      total 666112K, used 12951K [0x00000000d5580000, 0x00000000ffc00000, 0x0000000100000000)
  eden space 638464K, 0% used [0x00000000d5580000,0x00000000d5580000,0x00000000fc500000)
  from space 27648K, 46% used [0x00000000fe100000,0x00000000feda5c18,0x00000000ffc00000)
  to   space 28160K, 0% used [0x00000000fc500000,0x00000000fc500000,0x00000000fe080000)
 ParOldGen       total 140800K, used 83289K [0x0000000080000000, 0x0000000088980000, 0x00000000d5580000)
  object space 140800K, 59% used [0x0000000080000000,0x0000000085156480,0x0000000088980000)
 Metaspace       used 109025K, capacity 114034K, committed 114712K, reserved 1148928K
  class space    used 13977K, capacity 14982K, committed 15136K, reserved 1048576K
}

Deoptimization events (10 events):
Event: 1662.074 Thread 0x0000000017791000 Uncommon trap: reason=unstable_if action=reinterpret pc=0x00000000066c2094 method=com.android.tools.r8.ir.optimize.Z.a(Lcom/android/tools/r8/u/b/W;Lcom/android/tools/r8/ir/regalloc/e;I)V @ 507
Event: 1664.420 Thread 0x0000000017792000 Uncommon trap: reason=class_check action=maybe_recompile pc=0x0000000006522170 method=com.android.tools.r8.ir.conversion.o.a(Lcom/android/tools/r8/ir/conversion/N;IZ)V @ 526
Event: 1666.182 Thread 0x0000000017792000 Uncommon trap: reason=unstable_if action=reinterpret pc=0x0000000006585f94 method=com.android.tools.r8.ir.conversion.o.a(Lcom/android/tools/r8/ir/conversion/N;IIZ)V @ 245
Event: 1667.060 Thread 0x0000000017791000 Uncommon trap: reason=unstable_if action=reinterpret pc=0x0000000005a85f24 method=com.android.tools.r8.B.a.a.f.a(II[C)Ljava/lang/String; @ 32
Event: 1667.060 Thread 0x0000000017791000 Uncommon trap: reason=unstable_if action=reinterpret pc=0x0000000005af6500 method=com.android.tools.r8.graph.e0.a(C)I @ 7
Event: 1667.061 Thread 0x0000000017791000 Uncommon trap: reason=unstable_if action=reinterpret pc=0x0000000005a3d2c0 method=com.android.tools.r8.graph.e0.a(C[BI)I @ 7
Event: 1667.087 Thread 0x0000000017791000 Uncommon trap: reason=unstable_if action=reinterpret pc=0x0000000005a6be74 method=com.android.tools.r8.B.a.a.f.a(II[C)Ljava/lang/String; @ 32
Event: 1667.088 Thread 0x0000000017791000 Uncommon trap: reason=unstable_if action=reinterpret pc=0x0000000005a54bfc method=com.android.tools.r8.graph.e0.a(C)I @ 7
Event: 1667.474 Thread 0x0000000017791000 Uncommon trap: reason=unstable_if action=reinterpret pc=0x0000000005b961d4 method=com.android.tools.r8.graph.e0.a([C)I @ 44
Event: 1667.601 Thread 0x0000000017792000 Uncommon trap: reason=unstable_if action=reinterpret pc=0x0000000006643c50 method=com.android.tools.r8.ir.regalloc.h.a(ILcom/android/tools/r8/ir/regalloc/h$a;)Z @ 73

Classes redefined (0 events):
No events

Internal exceptions (10 events):
Event: 1666.592 Thread 0x000000001ea1d000 Exception <a 'sun/nio/fs/WindowsException'> (0x00000000e8365590) thrown at [C:\src\AOSP-openjdk-git\hotspot\src\share\vm\prims\jni.cpp, line 710]
Event: 1666.726 Thread 0x000000001778d800 Exception <a 'sun/nio/fs/WindowsException'> (0x00000000e89a0eb0) thrown at [C:\src\AOSP-openjdk-git\hotspot\src\share\vm\prims\jni.cpp, line 710]
Event: 1666.802 Thread 0x0000000017792000 Exception <a 'sun/nio/fs/WindowsException'> (0x00000000e8c77978) thrown at [C:\src\AOSP-openjdk-git\hotspot\src\share\vm\prims\jni.cpp, line 710]
Event: 1666.889 Thread 0x0000000017792000 Exception <a 'sun/nio/fs/WindowsException'> (0x00000000ed7b9640) thrown at [C:\src\AOSP-openjdk-git\hotspot\src\share\vm\prims\jni.cpp, line 710]
Event: 1666.901 Thread 0x000000001ea1d000 Exception <a 'sun/nio/fs/WindowsException'> (0x00000000ed653a10) thrown at [C:\src\AOSP-openjdk-git\hotspot\src\share\vm\prims\jni.cpp, line 710]
Event: 1666.961 Thread 0x0000000017791000 Exception <a 'sun/nio/fs/WindowsException'> (0x00000000eafa8390) thrown at [C:\src\AOSP-openjdk-git\hotspot\src\share\vm\prims\jni.cpp, line 710]
Event: 1667.513 Thread 0x000000001778d800 Exception <a 'sun/nio/fs/WindowsException'> (0x00000000f2377278) thrown at [C:\src\AOSP-openjdk-git\hotspot\src\share\vm\prims\jni.cpp, line 710]
Event: 1667.517 Thread 0x0000000017792000 Exception <a 'sun/nio/fs/WindowsException'> (0x00000000ed807110) thrown at [C:\src\AOSP-openjdk-git\hotspot\src\share\vm\prims\jni.cpp, line 710]
Event: 1667.558 Thread 0x000000001ea1d000 Exception <a 'sun/nio/fs/WindowsException'> (0x00000000ed6b7ca0) thrown at [C:\src\AOSP-openjdk-git\hotspot\src\share\vm\prims\jni.cpp, line 710]
Event: 1667.649 Thread 0x0000000017792000 Exception <a 'sun/nio/fs/WindowsException'> (0x00000000f40b3e38) thrown at [C:\src\AOSP-openjdk-git\hotspot\src\share\vm\prims\jni.cpp, line 710]

Events (10 events):
Event: 1667.551 Thread 0x000000001778f800 flushing nmethod 0x0000000005ec9d90
Event: 1667.552 Thread 0x0000000017791000 DEOPT PACKING pc=0x0000000005a7e4a0 sp=0x00000000275299b0
Event: 1667.552 Thread 0x0000000017791000 DEOPT UNPACKING pc=0x0000000002ba75d0 sp=0x00000000275296b0 mode 0
Event: 1667.601 Thread 0x0000000017792000 Uncommon trap: trap_request=0xffffff65 fr.pc=0x0000000006643c50
Event: 1667.601 Thread 0x0000000017792000 DEOPT PACKING pc=0x0000000006643c50 sp=0x0000000027629830
Event: 1667.601 Thread 0x0000000017792000 DEOPT UNPACKING pc=0x0000000002ba557b sp=0x0000000027629758 mode 2
Event: 1667.606 Thread 0x0000000017792000 DEOPT PACKING pc=0x00000000064983c0 sp=0x0000000027629920
Event: 1667.606 Thread 0x0000000017792000 DEOPT UNPACKING pc=0x0000000002ba75d0 sp=0x0000000027629640 mode 0
Event: 1667.642 Thread 0x000000001ea1d000 DEOPT PACKING pc=0x0000000005dabcd0 sp=0x000000001cde7640
Event: 1667.642 Thread 0x000000001ea1d000 DEOPT UNPACKING pc=0x0000000002ba75d0 sp=0x000000001cde7380 mode 0


Dynamic libraries:
0x00007ff64e980000 - 0x00007ff64e9b1000 	C:\Program Files\Android\Android Studio\jre\bin\java.exe
0x00007ffc48a50000 - 0x00007ffc48c46000 	C:\WINDOWS\SYSTEM32\ntdll.dll
0x00007ffc31e00000 - 0x00007ffc31e12000 	C:\Program Files\AVAST Software\Avast\aswhook.dll
0x00007ffc48540000 - 0x00007ffc485fd000 	C:\WINDOWS\System32\KERNEL32.DLL
0x00007ffc462a0000 - 0x00007ffc46569000 	C:\WINDOWS\System32\KERNELBASE.dll
0x00007ffc47740000 - 0x00007ffc477ec000 	C:\WINDOWS\System32\ADVAPI32.dll
0x00007ffc484a0000 - 0x00007ffc4853e000 	C:\WINDOWS\System32\msvcrt.dll
0x00007ffc48970000 - 0x00007ffc48a0c000 	C:\WINDOWS\System32\sechost.dll
0x00007ffc48010000 - 0x00007ffc4813b000 	C:\WINDOWS\System32\RPCRT4.dll
0x00007ffc46b90000 - 0x00007ffc46d30000 	C:\WINDOWS\System32\USER32.dll
0x00007ffc46980000 - 0x00007ffc469a2000 	C:\WINDOWS\System32\win32u.dll
0x00007ffc48600000 - 0x00007ffc4862a000 	C:\WINDOWS\System32\GDI32.dll
0x00007ffc46820000 - 0x00007ffc4692b000 	C:\WINDOWS\System32\gdi32full.dll
0x00007ffc46620000 - 0x00007ffc466bd000 	C:\WINDOWS\System32\msvcp_win.dll
0x00007ffc469b0000 - 0x00007ffc46ab0000 	C:\WINDOWS\System32\ucrtbase.dll
0x00007ffc2ea80000 - 0x00007ffc2ed1b000 	C:\WINDOWS\WinSxS\amd64_microsoft.windows.common-controls_6595b64144ccf1df_6.0.19041.746_none_ca02b4b61b8320a4\COMCTL32.dll
0x00007ffc48630000 - 0x00007ffc48660000 	C:\WINDOWS\System32\IMM32.DLL
0x000000005bff0000 - 0x000000005c0c2000 	C:\Program Files\Android\Android Studio\jre\jre\bin\msvcr100.dll
0x000000005c0d0000 - 0x000000005c91b000 	C:\Program Files\Android\Android Studio\jre\jre\bin\server\jvm.dll
0x00007ffc48960000 - 0x00007ffc48968000 	C:\WINDOWS\System32\PSAPI.DLL
0x00007ffc36f60000 - 0x00007ffc36f69000 	C:\WINDOWS\SYSTEM32\WSOCK32.dll
0x00007ffc476b0000 - 0x00007ffc4771b000 	C:\WINDOWS\System32\WS2_32.dll
0x00007ffc39090000 - 0x00007ffc390b7000 	C:\WINDOWS\SYSTEM32\WINMM.dll
0x00007ffc3fa40000 - 0x00007ffc3fa4a000 	C:\WINDOWS\SYSTEM32\VERSION.dll
0x00007ffc42000000 - 0x00007ffc4200f000 	C:\Program Files\Android\Android Studio\jre\jre\bin\verify.dll
0x00007ffc2d000000 - 0x00007ffc2d029000 	C:\Program Files\Android\Android Studio\jre\jre\bin\java.dll
0x00007ffc38840000 - 0x00007ffc38856000 	C:\Program Files\Android\Android Studio\jre\jre\bin\zip.dll
0x00007ffc478c0000 - 0x00007ffc48003000 	C:\WINDOWS\System32\SHELL32.dll
0x00007ffc442f0000 - 0x00007ffc44a7f000 	C:\WINDOWS\SYSTEM32\windows.storage.dll
0x00007ffc48140000 - 0x00007ffc48496000 	C:\WINDOWS\System32\combase.dll
0x00007ffc45b80000 - 0x00007ffc45bac000 	C:\WINDOWS\SYSTEM32\Wldp.dll
0x00007ffc48720000 - 0x00007ffc487ce000 	C:\WINDOWS\System32\SHCORE.dll
0x00007ffc48660000 - 0x00007ffc486b5000 	C:\WINDOWS\System32\shlwapi.dll
0x00007ffc460c0000 - 0x00007ffc460e6000 	C:\WINDOWS\SYSTEM32\profapi.dll
0x00007ffc386f0000 - 0x00007ffc3870a000 	C:\Program Files\Android\Android Studio\jre\jre\bin\net.dll
0x00007ffc45900000 - 0x00007ffc4596a000 	C:\WINDOWS\system32\mswsock.dll
0x00007ffc30730000 - 0x00007ffc30743000 	C:\Program Files\Android\Android Studio\jre\jre\bin\nio.dll
0x00007ffc2d0e0000 - 0x00007ffc2d106000 	C:\Users\USER\.gradle\native\31\windows-amd64\native-platform.dll
0x00007ffc38980000 - 0x00007ffc3898d000 	C:\Program Files\Android\Android Studio\jre\jre\bin\management.dll
0x00007ffc45ad0000 - 0x00007ffc45ae8000 	C:\WINDOWS\SYSTEM32\CRYPTSP.dll
0x00007ffc45230000 - 0x00007ffc45264000 	C:\WINDOWS\system32\rsaenh.dll
0x00007ffc46190000 - 0x00007ffc461b7000 	C:\WINDOWS\System32\bcrypt.dll
0x00007ffc46040000 - 0x00007ffc4606e000 	C:\WINDOWS\SYSTEM32\USERENV.dll
0x00007ffc461c0000 - 0x00007ffc46240000 	C:\WINDOWS\System32\bcryptprimitives.dll
0x00007ffc45af0000 - 0x00007ffc45afc000 	C:\WINDOWS\SYSTEM32\CRYPTBASE.dll
0x00007ffc455e0000 - 0x00007ffc4561b000 	C:\WINDOWS\SYSTEM32\IPHLPAPI.DLL
0x00007ffc47690000 - 0x00007ffc47698000 	C:\WINDOWS\System32\NSI.dll
0x00007ffc398f0000 - 0x00007ffc39907000 	C:\WINDOWS\SYSTEM32\dhcpcsvc6.DLL
0x00007ffc399c0000 - 0x00007ffc399dd000 	C:\WINDOWS\SYSTEM32\dhcpcsvc.DLL
0x00007ffc45620000 - 0x00007ffc456eb000 	C:\WINDOWS\SYSTEM32\DNSAPI.dll
0x00007ffc2cfd0000 - 0x00007ffc2cff4000 	C:\Program Files\Android\Android Studio\jre\jre\bin\sunec.dll
0x00007ffc37780000 - 0x00007ffc3778a000 	C:\Windows\System32\rasadhlp.dll
0x00007ffc378a0000 - 0x00007ffc3791f000 	C:\WINDOWS\System32\fwpuclnt.dll
0x00007ffc41390000 - 0x00007ffc4139b000 	C:\Program Files\Android\Android Studio\jre\jre\bin\sunmscapi.dll
0x00007ffc466c0000 - 0x00007ffc46816000 	C:\WINDOWS\System32\CRYPT32.dll
0x00007ffc43b80000 - 0x00007ffc43c10000 	C:\WINDOWS\system32\apphelp.dll
0x00007ffc07eb0000 - 0x00007ffc0804c000 	C:\Program Files\Android\Android Studio\jre\jre\bin\awt.dll
0x00007ffc477f0000 - 0x00007ffc478bd000 	C:\WINDOWS\System32\OLEAUT32.dll
0x00007ffc43d10000 - 0x00007ffc43d3f000 	C:\WINDOWS\SYSTEM32\dwmapi.dll
0x00007ffc42750000 - 0x00007ffc42d10000 	C:\WINDOWS\SYSTEM32\d2d1.dll
0x00007ffc43c30000 - 0x00007ffc43cce000 	C:\WINDOWS\system32\uxtheme.dll

VM Arguments:
jvm_args: -Xmx2048m -Dfile.encoding=windows-1252 -Duser.country=US -Duser.language=en -Duser.variant 
java_command: org.gradle.launcher.daemon.bootstrap.GradleDaemon 6.1.1
java_class_path (initial): C:\Users\USER\.gradle\wrapper\dists\gradle-6.1.1-all\cfmwm155h49vnt3hynmlrsdst\gradle-6.1.1\lib\gradle-launcher-6.1.1.jar
Launcher Type: SUN_STANDARD

Environment Variables:
JAVA_HOME=C:\Program Files\Java\jdk-12.0.2
PATH=C:\Program Files\nodejs;C:\Program Files (x86)\Common Files\Oracle\Java\javapath;C:\Program Files (x86)\Common Files\Intel\Shared Files\cpp\bin\Intel64;C:\WINDOWS\system32;C:\WINDOWS;C:\WINDOWS\System32\Wbem;C:\WINDOWS\System32\WindowsPowerShell\v1.0\;C:\Program Files\Microsoft SQL Server\120\Tools\Binn\;C:\Program Files\Java\jdk1.8.0_172\bin;C:\Program Files\apache-ant-1.10.6\bin;C:\Users\USER\AppData\Local\Android\android-sdk\tools\bin;C:\Program Files (x86)\gradle\bin;C:\Users\USER\AppData\Local\Android\android-sdk\platform-tools;C:\Users\USER\AppData\Local\Android\android-sdk\tools;C:\Program Files\Git\bin;C:\WINDOWS\System32\OpenSSH\;C:\xampp\php;C:\ProgramData\ComposerSetup\bin;C:\Users\USER\AppData\Local\Programs\Python\Python37-32\Scripts\;C:\Users\USER\AppData\Local\Programs\Python\Python37-32\;C:\Users\USER\AppData\Local\atom\bin;C:\Users\USER\AppData\Roaming\npm;C:\Users\USER\AppData\Local\Programs\Microsoft VS Code\bin;C:\Users\USER\AppData\Local\Microsoft\WindowsApps;D:\Rabbani S F M\Coding\laravel\composer\bin;C:\Users\USER\AppData\Roaming\Composer\vendor\bin;
USERNAME=RabbaniSidiqFM
OS=Windows_NT
PROCESSOR_IDENTIFIER=Intel64 Family 6 Model 78 Stepping 3, GenuineIntel



---------------  S Y S T E M  ---------------

OS: Windows 10.0 , 64 bit Build 19041 (10.0.19041.662)

CPU:total 4 (initial active 4) (2 cores per cpu, 2 threads per core) family 6 model 78 stepping 3, cmov, cx8, fxsr, mmx, sse, sse2, sse3, ssse3, sse4.1, sse4.2, popcnt, avx, avx2, aes, clmul, erms, 3dnowpref, lzcnt, ht, tsc, tscinvbit, bmi1, bmi2, adx

Memory: 4k page, physical 4066020k(257544k free), swap 5491428k(6512k free)

vm_info: OpenJDK 64-Bit Server VM (25.242-b01) for windows-amd64 JRE (1.8.0_242-release-1644-b01), built by "builder" with MS VC++ 10.0 (VS2010)

time: Mon Feb 08 20:18:35 2021
timezone: SE Asia Standard Time
elapsed time: 1667 seconds (0d 0h 27m 47s)

